{
  "stats": {
    "suites": 0,
    "tests": 1,
    "passes": 1,
    "pending": 0,
    "failures": 0,
    "start": "2023-06-15T18:20:53.524Z",
    "end": "2023-06-15T18:21:10.436Z",
    "duration": 16912,
    "testsRegistered": 1,
    "passPercent": 100,
    "pendingPercent": 0,
    "other": 0,
    "hasOther": false,
    "skipped": 0,
    "hasSkipped": false
  },
  "results": [
    {
      "uuid": "a099c900-f269-430a-b061-3f6052f9cb2a",
      "title": "",
      "fullFile": "cypress\\e2e\\order.cy.js",
      "file": "cypress\\e2e\\order.cy.js",
      "beforeHooks": [],
      "afterHooks": [],
      "tests": [
        {
          "title": "Order",
          "fullTitle": "Order",
          "timedOut": null,
          "duration": 16730,
          "state": "passed",
          "speed": "slow",
          "pass": true,
          "fail": false,
          "pending": false,
          "context": null,
          "code": "(0, _helper.login)(_user.default);\ncy.get('#filter_keyword').type('i').closest(\"form\").submit();\n//findNewProd('Skinsheen Bronzer Stick')\n(0, _helper.findrNewProd)('Fiorella Purple Peep Toes');\ncy.get('.productpagecart').click();\ncy.get('#cart_checkout1').click();\ncy.get('#checkout_btn').click();\ncy.get('.contentpanel').should('contain', \"Thank you for shopping with us!\");",
          "err": {},
          "uuid": "70cc2a89-0382-466a-b177-d33adde76ce9",
          "parentUUID": "a099c900-f269-430a-b061-3f6052f9cb2a",
          "isHook": false,
          "skipped": false
        }
      ],
      "suites": [],
      "passes": [
        "70cc2a89-0382-466a-b177-d33adde76ce9"
      ],
      "failures": [],
      "pending": [],
      "skipped": [],
      "duration": 16730,
      "root": true,
      "rootEmpty": false,
      "_timeout": 2000
    }
  ],
  "meta": {
    "mocha": {
      "version": "7.0.1"
    },
    "mochawesome": {
      "options": {
        "quiet": false,
        "reportFilename": "mochawesome",
        "saveHtml": false,
        "saveJson": true,
        "consoleReporter": "spec",
        "useInlineDiffs": false,
        "code": true
      },
      "version": "7.1.3"
    },
    "marge": {
      "options": {
        "reportDir": "cypress/results",
        "overwrite": false,
        "html": false,
        "json": true
      },
      "version": "6.2.0"
    }
  }
}